<?xml version="1.0" encoding="UTF-8"?>
<!-- Generated by org.testng.reporters.JUnitReportReporter -->
<testsuite name="rFence.Mainfn" tests="1" time="41.146" ignored="0" failures="0" timestamp="13 Jul 2018 05:00:31 GMT" skipped="0" hostname="sathishb" errors="0">
  <testcase name="testing" time="41.146" classname="rFence.Mainfn"/>
</testsuite> <!-- rFence.Mainfn -->
