<?xml version="1.0" encoding="UTF-8"?>
<!-- Generated by org.testng.reporters.JUnitReportReporter -->
<testsuite name="rFence.Mainfn" tests="1" time="1114.639" ignored="0" failures="0" timestamp="19 Dec 2017 06:23:41 GMT" skipped="0" hostname="sathishb" errors="0">
  <testcase name="testing" time="1114.639" classname="rFence.Mainfn"/>
</testsuite> <!-- rFence.Mainfn -->
